********************************************************************************
DUPLICATOR-LITE PACKAGE-LOG: 14 February 2022 15:51
NOTICE: Do NOT post to public sites or forums 
********************************************************************************
VERSION:	1.4.4
WORDPRESS:	5.9
PHP INFO:	7.4.19 | SAPI: apache2handler
SERVER:		Apache/2.4.47 (Win64) OpenSSL/1.1.1k PHP/7.4.19 
PHP TIME LIMIT: (0) no time limit imposed 
PHP MAX MEMORY: 4294967296 (512M default) 
MEMORY STACK: 6MB

********************************************************************************
DATABASE:
********************************************************************************
BUILD MODE:   PHP(query limit - 100)
MYSQLTIMEOUT: 5000
MYSQLDUMP:    Not Supported
TABLES: total:13 | filtered:0 | create:13
FILTERED: []
SQL CREATED: 20220214_application_60446b9c1077801d8510_20220214155046_database.sql
SQL FILE SIZE: 936.58KB (959053)
SQL FILE TIME: 2022-02-14 15:51:29
SQL RUNTIME: 0.60 sec.

********************************************************************************
ARCHIVE (ZIP):
********************************************************************************
ARCHIVE DIR:  C:/laragon/www/app
ARCHIVE FILE: 20220214_application_60446b9c1077801d8510_20220214155046_archive.zip
FILTERS: *OFF*
DIRS:
	not set
FILES:
	not set
EXTS:  not set
----------------------------------------
COMPRESSING
SIZE:	109.05MB
STATS:	Dirs 1,713 | Files 13,389
SQL ADDED: 20220214_application_60446b9c1077801d8510_20220214155046_database.sql
ZipArchive Object
(
    [status] => 0
    [statusSys] => 0
    [numFiles] => 15102
    [filename] => C:\laragon\www\app\wp-content\backups-dup-lite\tmp\20220214_application_60446b9c1077801d8510_20220214155046_archive.zip
    [comment] => 
)

FILE ADDED TO ZIP: 15101
COMPRESSION RESULT: '1'
COMPRESSED SIZE: 34.38MB
ARCHIVE RUNTIME: 70.99 sec.
MEMORY STACK: 12MB
building installer
add_extra_files1
add_extra_files2
add_extra_files3
add_extra_files4
Doing archive file check
add_extra_files5
add_extra_files6
add_extra_files8
Successfully opened zip C:/laragon/www/app/wp-content/backups-dup-lite/tmp/20220214_application_60446b9c1077801d8510_20220214155046_archive.zip
Adding enhanced installer files to archive using ZipArchive
Installer files added to archive
Added to archive
After ziparchive close when adding installer

********************************************************************************
INTEGRITY CHECKS:
********************************************************************************
SQL FILE: 936.58KB
INSTALLER FILE: 64.6KB
ARCHIVE FILE: 35.44MB 
EXPECTED FILE/DIRECTORY COUNT: 15,102
ACTUAL FILE/DIRECTORY COUNT: 15,101
ARCHIVE CONSISTENCY TEST: Pass

********************************************************************************
RECORD ID:[1]
TOTAL PROCESS RUNTIME: 72.70 sec.
PEAK PHP MEMORY USED: 12MB
DONE PROCESSING => 20220214_application 14 February 2022 15:52

